<?xml version="1.0" encoding="UTF-8"?>
<testsuite xmlns:xsi="http://www.w3.org/2001/XMLSchema-instance" xsi:noNamespaceSchemaLocation="https://maven.apache.org/surefire/maven-surefire-plugin/xsd/surefire-test-report.xsd" name="Runners.RegressionRunner" time="25.36" tests="6" errors="1" skipped="0" failures="1">
  <properties>
    <property name="java.specification.version" value="13"/>
    <property name="sun.jnu.encoding" value="UTF-8"/>
    <property name="java.class.path" value="/Users/volodymyrbendiukevych/IdeaProjects/Homework11Cucumber/target/test-classes:/Users/volodymyrbendiukevych/IdeaProjects/Homework11Cucumber/target/classes:/Users/volodymyrbendiukevych/.m2/repository/io/github/bonigarcia/webdrivermanager/4.0.0/webdrivermanager-4.0.0.jar:/Users/volodymyrbendiukevych/.m2/repository/org/slf4j/slf4j-api/1.7.30/slf4j-api-1.7.30.jar:/Users/volodymyrbendiukevych/.m2/repository/commons-io/commons-io/2.6/commons-io-2.6.jar:/Users/volodymyrbendiukevych/.m2/repository/com/google/code/gson/gson/2.8.6/gson-2.8.6.jar:/Users/volodymyrbendiukevych/.m2/repository/org/apache/commons/commons-lang3/3.10/commons-lang3-3.10.jar:/Users/volodymyrbendiukevych/.m2/repository/org/apache/httpcomponents/client5/httpclient5/5.0/httpclient5-5.0.jar:/Users/volodymyrbendiukevych/.m2/repository/org/apache/httpcomponents/core5/httpcore5/5.0/httpcore5-5.0.jar:/Users/volodymyrbendiukevych/.m2/repository/org/apache/httpcomponents/core5/httpcore5-h2/5.0/httpcore5-h2-5.0.jar:/Users/volodymyrbendiukevych/.m2/repository/commons-codec/commons-codec/1.13/commons-codec-1.13.jar:/Users/volodymyrbendiukevych/.m2/repository/org/rauschig/jarchivelib/1.0.0/jarchivelib-1.0.0.jar:/Users/volodymyrbendiukevych/.m2/repository/org/apache/commons/commons-compress/1.18/commons-compress-1.18.jar:/Users/volodymyrbendiukevych/.m2/repository/org/jsoup/jsoup/1.13.1/jsoup-1.13.1.jar:/Users/volodymyrbendiukevych/.m2/repository/io/cucumber/cucumber-junit/5.7.0/cucumber-junit-5.7.0.jar:/Users/volodymyrbendiukevych/.m2/repository/org/apiguardian/apiguardian-api/1.1.0/apiguardian-api-1.1.0.jar:/Users/volodymyrbendiukevych/.m2/repository/io/cucumber/cucumber-core/5.7.0/cucumber-core-5.7.0.jar:/Users/volodymyrbendiukevych/.m2/repository/io/cucumber/cucumber-gherkin/5.7.0/cucumber-gherkin-5.7.0.jar:/Users/volodymyrbendiukevych/.m2/repository/io/cucumber/cucumber-gherkin-vintage/5.7.0/cucumber-gherkin-vintage-5.7.0.jar:/Users/volodymyrbendiukevych/.m2/repository/io/cucumber/tag-expressions/2.0.4/tag-expressions-2.0.4.jar:/Users/volodymyrbendiukevych/.m2/repository/io/cucumber/cucumber-expressions/8.3.1/cucumber-expressions-8.3.1.jar:/Users/volodymyrbendiukevych/.m2/repository/io/cucumber/datatable/3.3.1/datatable-3.3.1.jar:/Users/volodymyrbendiukevych/.m2/repository/io/cucumber/cucumber-plugin/5.7.0/cucumber-plugin-5.7.0.jar:/Users/volodymyrbendiukevych/.m2/repository/io/cucumber/docstring/5.7.0/docstring-5.7.0.jar:/Users/volodymyrbendiukevych/.m2/repository/org/seleniumhq/selenium/selenium-java/3.141.59/selenium-java-3.141.59.jar:/Users/volodymyrbendiukevych/.m2/repository/org/seleniumhq/selenium/selenium-api/3.141.59/selenium-api-3.141.59.jar:/Users/volodymyrbendiukevych/.m2/repository/org/seleniumhq/selenium/selenium-chrome-driver/3.141.59/selenium-chrome-driver-3.141.59.jar:/Users/volodymyrbendiukevych/.m2/repository/org/seleniumhq/selenium/selenium-edge-driver/3.141.59/selenium-edge-driver-3.141.59.jar:/Users/volodymyrbendiukevych/.m2/repository/org/seleniumhq/selenium/selenium-firefox-driver/3.141.59/selenium-firefox-driver-3.141.59.jar:/Users/volodymyrbendiukevych/.m2/repository/org/seleniumhq/selenium/selenium-ie-driver/3.141.59/selenium-ie-driver-3.141.59.jar:/Users/volodymyrbendiukevych/.m2/repository/org/seleniumhq/selenium/selenium-opera-driver/3.141.59/selenium-opera-driver-3.141.59.jar:/Users/volodymyrbendiukevych/.m2/repository/org/seleniumhq/selenium/selenium-remote-driver/3.141.59/selenium-remote-driver-3.141.59.jar:/Users/volodymyrbendiukevych/.m2/repository/org/seleniumhq/selenium/selenium-safari-driver/3.141.59/selenium-safari-driver-3.141.59.jar:/Users/volodymyrbendiukevych/.m2/repository/org/seleniumhq/selenium/selenium-support/3.141.59/selenium-support-3.141.59.jar:/Users/volodymyrbendiukevych/.m2/repository/net/bytebuddy/byte-buddy/1.8.15/byte-buddy-1.8.15.jar:/Users/volodymyrbendiukevych/.m2/repository/org/apache/commons/commons-exec/1.3/commons-exec-1.3.jar:/Users/volodymyrbendiukevych/.m2/repository/com/google/guava/guava/25.0-jre/guava-25.0-jre.jar:/Users/volodymyrbendiukevych/.m2/repository/com/google/code/findbugs/jsr305/1.3.9/jsr305-1.3.9.jar:/Users/volodymyrbendiukevych/.m2/repository/org/checkerframework/checker-compat-qual/2.0.0/checker-compat-qual-2.0.0.jar:/Users/volodymyrbendiukevych/.m2/repository/com/google/errorprone/error_prone_annotations/2.1.3/error_prone_annotations-2.1.3.jar:/Users/volodymyrbendiukevych/.m2/repository/com/google/j2objc/j2objc-annotations/1.1/j2objc-annotations-1.1.jar:/Users/volodymyrbendiukevych/.m2/repository/org/codehaus/mojo/animal-sniffer-annotations/1.14/animal-sniffer-annotations-1.14.jar:/Users/volodymyrbendiukevych/.m2/repository/com/squareup/okhttp3/okhttp/3.11.0/okhttp-3.11.0.jar:/Users/volodymyrbendiukevych/.m2/repository/com/squareup/okio/okio/1.14.0/okio-1.14.0.jar:/Users/volodymyrbendiukevych/.m2/repository/io/cucumber/cucumber-java/5.7.0/cucumber-java-5.7.0.jar:/Users/volodymyrbendiukevych/.m2/repository/junit/junit/4.13/junit-4.13.jar:/Users/volodymyrbendiukevych/.m2/repository/org/hamcrest/hamcrest-core/1.3/hamcrest-core-1.3.jar:"/>
    <property name="java.vm.vendor" value="Oracle Corporation"/>
    <property name="sun.arch.data.model" value="64"/>
    <property name="java.vendor.url" value="https://openjdk.java.net/"/>
    <property name="os.name" value="Mac OS X"/>
    <property name="java.vm.specification.version" value="13"/>
    <property name="sun.java.launcher" value="SUN_STANDARD"/>
    <property name="user.country" value="US"/>
    <property name="sun.boot.library.path" value="/usr/local/Cellar/openjdk/13.0.2+8_2/libexec/openjdk.jdk/Contents/Home/lib"/>
    <property name="sun.java.command" value="/Users/volodymyrbendiukevych/IdeaProjects/Homework11Cucumber/target/surefire/surefirebooter4064503077525879621.jar /Users/volodymyrbendiukevych/IdeaProjects/Homework11Cucumber/target/surefire 2020-06-19T11-05-29_653-jvmRun1 surefire10762158199128815684tmp surefire_013807618937096309107tmp"/>
    <property name="http.nonProxyHosts" value="local|*.local|169.254/16|*.169.254/16"/>
    <property name="jdk.debug" value="release"/>
    <property name="surefire.test.class.path" value="/Users/volodymyrbendiukevych/IdeaProjects/Homework11Cucumber/target/test-classes:/Users/volodymyrbendiukevych/IdeaProjects/Homework11Cucumber/target/classes:/Users/volodymyrbendiukevych/.m2/repository/io/github/bonigarcia/webdrivermanager/4.0.0/webdrivermanager-4.0.0.jar:/Users/volodymyrbendiukevych/.m2/repository/org/slf4j/slf4j-api/1.7.30/slf4j-api-1.7.30.jar:/Users/volodymyrbendiukevych/.m2/repository/commons-io/commons-io/2.6/commons-io-2.6.jar:/Users/volodymyrbendiukevych/.m2/repository/com/google/code/gson/gson/2.8.6/gson-2.8.6.jar:/Users/volodymyrbendiukevych/.m2/repository/org/apache/commons/commons-lang3/3.10/commons-lang3-3.10.jar:/Users/volodymyrbendiukevych/.m2/repository/org/apache/httpcomponents/client5/httpclient5/5.0/httpclient5-5.0.jar:/Users/volodymyrbendiukevych/.m2/repository/org/apache/httpcomponents/core5/httpcore5/5.0/httpcore5-5.0.jar:/Users/volodymyrbendiukevych/.m2/repository/org/apache/httpcomponents/core5/httpcore5-h2/5.0/httpcore5-h2-5.0.jar:/Users/volodymyrbendiukevych/.m2/repository/commons-codec/commons-codec/1.13/commons-codec-1.13.jar:/Users/volodymyrbendiukevych/.m2/repository/org/rauschig/jarchivelib/1.0.0/jarchivelib-1.0.0.jar:/Users/volodymyrbendiukevych/.m2/repository/org/apache/commons/commons-compress/1.18/commons-compress-1.18.jar:/Users/volodymyrbendiukevych/.m2/repository/org/jsoup/jsoup/1.13.1/jsoup-1.13.1.jar:/Users/volodymyrbendiukevych/.m2/repository/io/cucumber/cucumber-junit/5.7.0/cucumber-junit-5.7.0.jar:/Users/volodymyrbendiukevych/.m2/repository/org/apiguardian/apiguardian-api/1.1.0/apiguardian-api-1.1.0.jar:/Users/volodymyrbendiukevych/.m2/repository/io/cucumber/cucumber-core/5.7.0/cucumber-core-5.7.0.jar:/Users/volodymyrbendiukevych/.m2/repository/io/cucumber/cucumber-gherkin/5.7.0/cucumber-gherkin-5.7.0.jar:/Users/volodymyrbendiukevych/.m2/repository/io/cucumber/cucumber-gherkin-vintage/5.7.0/cucumber-gherkin-vintage-5.7.0.jar:/Users/volodymyrbendiukevych/.m2/repository/io/cucumber/tag-expressions/2.0.4/tag-expressions-2.0.4.jar:/Users/volodymyrbendiukevych/.m2/repository/io/cucumber/cucumber-expressions/8.3.1/cucumber-expressions-8.3.1.jar:/Users/volodymyrbendiukevych/.m2/repository/io/cucumber/datatable/3.3.1/datatable-3.3.1.jar:/Users/volodymyrbendiukevych/.m2/repository/io/cucumber/cucumber-plugin/5.7.0/cucumber-plugin-5.7.0.jar:/Users/volodymyrbendiukevych/.m2/repository/io/cucumber/docstring/5.7.0/docstring-5.7.0.jar:/Users/volodymyrbendiukevych/.m2/repository/org/seleniumhq/selenium/selenium-java/3.141.59/selenium-java-3.141.59.jar:/Users/volodymyrbendiukevych/.m2/repository/org/seleniumhq/selenium/selenium-api/3.141.59/selenium-api-3.141.59.jar:/Users/volodymyrbendiukevych/.m2/repository/org/seleniumhq/selenium/selenium-chrome-driver/3.141.59/selenium-chrome-driver-3.141.59.jar:/Users/volodymyrbendiukevych/.m2/repository/org/seleniumhq/selenium/selenium-edge-driver/3.141.59/selenium-edge-driver-3.141.59.jar:/Users/volodymyrbendiukevych/.m2/repository/org/seleniumhq/selenium/selenium-firefox-driver/3.141.59/selenium-firefox-driver-3.141.59.jar:/Users/volodymyrbendiukevych/.m2/repository/org/seleniumhq/selenium/selenium-ie-driver/3.141.59/selenium-ie-driver-3.141.59.jar:/Users/volodymyrbendiukevych/.m2/repository/org/seleniumhq/selenium/selenium-opera-driver/3.141.59/selenium-opera-driver-3.141.59.jar:/Users/volodymyrbendiukevych/.m2/repository/org/seleniumhq/selenium/selenium-remote-driver/3.141.59/selenium-remote-driver-3.141.59.jar:/Users/volodymyrbendiukevych/.m2/repository/org/seleniumhq/selenium/selenium-safari-driver/3.141.59/selenium-safari-driver-3.141.59.jar:/Users/volodymyrbendiukevych/.m2/repository/org/seleniumhq/selenium/selenium-support/3.141.59/selenium-support-3.141.59.jar:/Users/volodymyrbendiukevych/.m2/repository/net/bytebuddy/byte-buddy/1.8.15/byte-buddy-1.8.15.jar:/Users/volodymyrbendiukevych/.m2/repository/org/apache/commons/commons-exec/1.3/commons-exec-1.3.jar:/Users/volodymyrbendiukevych/.m2/repository/com/google/guava/guava/25.0-jre/guava-25.0-jre.jar:/Users/volodymyrbendiukevych/.m2/repository/com/google/code/findbugs/jsr305/1.3.9/jsr305-1.3.9.jar:/Users/volodymyrbendiukevych/.m2/repository/org/checkerframework/checker-compat-qual/2.0.0/checker-compat-qual-2.0.0.jar:/Users/volodymyrbendiukevych/.m2/repository/com/google/errorprone/error_prone_annotations/2.1.3/error_prone_annotations-2.1.3.jar:/Users/volodymyrbendiukevych/.m2/repository/com/google/j2objc/j2objc-annotations/1.1/j2objc-annotations-1.1.jar:/Users/volodymyrbendiukevych/.m2/repository/org/codehaus/mojo/animal-sniffer-annotations/1.14/animal-sniffer-annotations-1.14.jar:/Users/volodymyrbendiukevych/.m2/repository/com/squareup/okhttp3/okhttp/3.11.0/okhttp-3.11.0.jar:/Users/volodymyrbendiukevych/.m2/repository/com/squareup/okio/okio/1.14.0/okio-1.14.0.jar:/Users/volodymyrbendiukevych/.m2/repository/io/cucumber/cucumber-java/5.7.0/cucumber-java-5.7.0.jar:/Users/volodymyrbendiukevych/.m2/repository/junit/junit/4.13/junit-4.13.jar:/Users/volodymyrbendiukevych/.m2/repository/org/hamcrest/hamcrest-core/1.3/hamcrest-core-1.3.jar:"/>
    <property name="sun.cpu.endian" value="little"/>
    <property name="user.home" value="/Users/volodymyrbendiukevych"/>
    <property name="user.language" value="en"/>
    <property name="java.specification.vendor" value="Oracle Corporation"/>
    <property name="java.version.date" value="2020-01-14"/>
    <property name="java.home" value="/usr/local/Cellar/openjdk/13.0.2+8_2/libexec/openjdk.jdk/Contents/Home"/>
    <property name="file.separator" value="/"/>
    <property name="basedir" value="/Users/volodymyrbendiukevych/IdeaProjects/Homework11Cucumber"/>
    <property name="java.vm.compressedOopsMode" value="Zero based"/>
    <property name="line.separator" value="&#10;"/>
    <property name="java.specification.name" value="Java Platform API Specification"/>
    <property name="java.vm.specification.vendor" value="Oracle Corporation"/>
    <property name="surefire.real.class.path" value="/Users/volodymyrbendiukevych/IdeaProjects/Homework11Cucumber/target/surefire/surefirebooter4064503077525879621.jar"/>
    <property name="sun.management.compiler" value="HotSpot 64-Bit Tiered Compilers"/>
    <property name="ftp.nonProxyHosts" value="local|*.local|169.254/16|*.169.254/16"/>
    <property name="java.runtime.version" value="13.0.2+8"/>
    <property name="user.name" value="volodymyrbendiukevych"/>
    <property name="path.separator" value=":"/>
    <property name="os.version" value="10.15.5"/>
    <property name="java.runtime.name" value="OpenJDK Runtime Environment"/>
    <property name="file.encoding" value="UTF-8"/>
    <property name="java.vm.name" value="OpenJDK 64-Bit Server VM"/>
    <property name="localRepository" value="/Users/volodymyrbendiukevych/.m2/repository"/>
    <property name="java.vendor.url.bug" value="https://bugreport.java.com/bugreport/"/>
    <property name="java.io.tmpdir" value="/var/folders/p6/d_53fxh53jldznc11j9jqnw00000gn/T/"/>
    <property name="java.version" value="13.0.2"/>
    <property name="user.dir" value="/Users/volodymyrbendiukevych/IdeaProjects/Homework11Cucumber"/>
    <property name="os.arch" value="x86_64"/>
    <property name="java.vm.specification.name" value="Java Virtual Machine Specification"/>
    <property name="java.library.path" value="/Users/volodymyrbendiukevych/Library/Java/Extensions:/Library/Java/Extensions:/Network/Library/Java/Extensions:/System/Library/Java/Extensions:/usr/lib/java:."/>
    <property name="java.vm.info" value="mixed mode, sharing"/>
    <property name="java.vendor" value="N/A"/>
    <property name="java.vm.version" value="13.0.2+8"/>
    <property name="sun.io.unicode.encoding" value="UnicodeBig"/>
    <property name="socksNonProxyHosts" value="local|*.local|169.254/16|*.169.254/16"/>
    <property name="java.class.version" value="57.0"/>
  </properties>
  <testcase name="Validation of function names" classname="EspoCRM project" time="7.422">
    <failure message="The function name doesn&apos;t match expected:&lt;[Home]&gt; but was:&lt;[Accounts]&gt;" type="org.junit.ComparisonFailure"><![CDATA[org.junit.ComparisonFailure: The function name doesn't match expected:<[Home]> but was:<[Accounts]>
]]></failure>
    <system-out><![CDATA[
Scenario: Validation of function names      &amp#27;[90m# src/test/resources/EspoCRM/homePage.feature:3&amp#27;[0m
  &amp#27;[32mGiven &amp#27;[0m&amp#27;[32mthe user navigate the page&amp#27;[0m          &amp#27;[90m# StepDefinitions.TestSteps.the_user_navigate_the_page()&amp#27;[0m
  &amp#27;[32mWhen &amp#27;[0m&amp#27;[32mthe user open the home page&amp#27;[0m          &amp#27;[90m# StepDefinitions.TestSteps.the_user_open_the_home_page()&amp#27;[0m
  &amp#27;[31mThen &amp#27;[0m&amp#27;[31mthe user validate the function names&amp#27;[0m &amp#27;[90m# StepDefinitions.TestSteps.the_user_validate_the_function_names(java.util.List<java.lang.String>)&amp#27;[0m
      &amp#27;[31morg.junit.ComparisonFailure: The function name doesn't match expected:<[Home]> but was:<[Accounts]>
	at org.junit.Assert.assertEquals(Assert.java:117)
	at StepDefinitions.TestSteps.the_user_validate_the_function_names(TestSteps.java:41)
	at ✽.the user validate the function names(file:///Users/volodymyrbendiukevych/IdeaProjects/Homework11Cucumber/src/test/resources/EspoCRM/homePage.feature:6)
&amp#27;[0m
]]></system-out>
    <system-err><![CDATA[Jun 19, 2020 11:05:30 AM io.cucumber.junit.Cucumber <init>
WARNING: By default Cucumber is running in --non-strict mode.
This default will change to --strict and --non-strict will be removed.
You can use --strict or @CucumberOptions(strict = true) to suppress this warning
SLF4J: Failed to load class "org.slf4j.impl.StaticLoggerBinder".
SLF4J: Defaulting to no-operation (NOP) logger implementation
SLF4J: See http://www.slf4j.org/codes.html#StaticLoggerBinder for further details.
Starting ChromeDriver 83.0.4103.39 (ccbf011cb2d2b19b506d844400483861342c20cd-refs/branch-heads/4103@{#416}) on port 15146
Only local connections are allowed.
Please see https://chromedriver.chromium.org/security-considerations for suggestions on keeping ChromeDriver safe.
ChromeDriver was started successfully.
Jun 19, 2020 11:05:31 AM org.openqa.selenium.remote.ProtocolHandshake createSession
INFO: Detected dialect: W3C
]]></system-err>
  </testcase>
  <testcase name="Add four new customers" classname="EspoCRM project" time="1.51">
    <error message="stale element reference: element is not attached to the page document&#10;  (Session info: chrome=83.0.4103.106)&#10;For documentation on this error, please visit: https://www.seleniumhq.org/exceptions/stale_element_reference.html&#10;Build info: version: &apos;3.141.59&apos;, revision: &apos;e82be7d358&apos;, time: &apos;2018-11-14T08:17:03&apos;&#10;System info: host: &apos;Volodymyrs-MacBook-Pro.local&apos;, ip: &apos;2601:241:4100:1802:0:7d7f:8205:a875%en0&apos;, os.name: &apos;Mac OS X&apos;, os.arch: &apos;x86_64&apos;, os.version: &apos;10.15.5&apos;, java.version: &apos;13.0.2&apos;&#10;Driver info: org.openqa.selenium.chrome.ChromeDriver&#10;Capabilities {acceptInsecureCerts: false, browserName: chrome, browserVersion: 83.0.4103.106, chrome: {chromedriverVersion: 83.0.4103.39 (ccbf011cb2d2b..., userDataDir: /var/folders/p6/d_53fxh53jl...}, goog:chromeOptions: {debuggerAddress: localhost:57639}, javascriptEnabled: true, networkConnectionEnabled: false, pageLoadStrategy: normal, platform: MAC, platformName: MAC, proxy: Proxy(), setWindowRect: true, strictFileInteractability: false, timeouts: {implicit: 0, pageLoad: 300000, script: 30000}, unhandledPromptBehavior: dismiss and notify, webauthn:virtualAuthenticators: true}&#10;Session ID: d0f000eb88d1303d3554ac4dc0f2c954" type="org.openqa.selenium.StaleElementReferenceException">org.openqa.selenium.StaleElementReferenceException: 
stale element reference: element is not attached to the page document
  (Session info: chrome=83.0.4103.106)
For documentation on this error, please visit: https://www.seleniumhq.org/exceptions/stale_element_reference.html
Build info: version: '3.141.59', revision: 'e82be7d358', time: '2018-11-14T08:17:03'
System info: host: 'Volodymyrs-MacBook-Pro.local', ip: '2601:241:4100:1802:0:7d7f:8205:a875%en0', os.name: 'Mac OS X', os.arch: 'x86_64', os.version: '10.15.5', java.version: '13.0.2'
Driver info: org.openqa.selenium.chrome.ChromeDriver
Capabilities {acceptInsecureCerts: false, browserName: chrome, browserVersion: 83.0.4103.106, chrome: {chromedriverVersion: 83.0.4103.39 (ccbf011cb2d2b..., userDataDir: /var/folders/p6/d_53fxh53jl...}, goog:chromeOptions: {debuggerAddress: localhost:57639}, javascriptEnabled: true, networkConnectionEnabled: false, pageLoadStrategy: normal, platform: MAC, platformName: MAC, proxy: Proxy(), setWindowRect: true, strictFileInteractability: false, timeouts: {implicit: 0, pageLoad: 300000, script: 30000}, unhandledPromptBehavior: dismiss and notify, webauthn:virtualAuthenticators: true}
Session ID: d0f000eb88d1303d3554ac4dc0f2c954
</error>
    <system-out><![CDATA[
Scenario Outline: Add four new customers                                                                                                                                                &amp#27;[90m# src/test/resources/EspoCRM/homePage.feature:30&amp#27;[0m
  &amp#27;[32mGiven &amp#27;[0m&amp#27;[32mthe user navigate the page&amp#27;[0m                                                                                                                                                      &amp#27;[90m# StepDefinitions.TestSteps.the_user_navigate_the_page()&amp#27;[0m
  &amp#27;[32mWhen &amp#27;[0m&amp#27;[32mthe user open the Accounts&amp#27;[0m                                                                                                                                                       &amp#27;[90m# StepDefinitions.TestSteps.the_user_open_the_Accounts()&amp#27;[0m
  &amp#27;[31mThen &amp#27;[0m&amp#27;[31mthe user clicks the Create Account button&amp#27;[0m                                                                                                                                        &amp#27;[90m# StepDefinitions.TestSteps.the_user_clicks_the_Create_Account_button()&amp#27;[0m
      &amp#27;[31morg.openqa.selenium.StaleElementReferenceException: stale element reference: element is not attached to the page document
  (Session info: chrome=83.0.4103.106)
For documentation on this error, please visit: https://www.seleniumhq.org/exceptions/stale_element_reference.html
Build info: version: '3.141.59', revision: 'e82be7d358', time: '2018-11-14T08:17:03'
System info: host: 'Volodymyrs-MacBook-Pro.local', ip: '2601:241:4100:1802:0:7d7f:8205:a875%en0', os.name: 'Mac OS X', os.arch: 'x86_64', os.version: '10.15.5', java.version: '13.0.2'
Driver info: org.openqa.selenium.chrome.ChromeDriver
Capabilities {acceptInsecureCerts: false, browserName: chrome, browserVersion: 83.0.4103.106, chrome: {chromedriverVersion: 83.0.4103.39 (ccbf011cb2d2b..., userDataDir: /var/folders/p6/d_53fxh53jl...}, goog:chromeOptions: {debuggerAddress: localhost:57639}, javascriptEnabled: true, networkConnectionEnabled: false, pageLoadStrategy: normal, platform: MAC, platformName: MAC, proxy: Proxy(), setWindowRect: true, strictFileInteractability: false, timeouts: {implicit: 0, pageLoad: 300000, script: 30000}, unhandledPromptBehavior: dismiss and notify, webauthn:virtualAuthenticators: true}
Session ID: d0f000eb88d1303d3554ac4dc0f2c954
	at java.base/jdk.internal.reflect.NativeConstructorAccessorImpl.newInstance0(Native Method)
	at java.base/jdk.internal.reflect.NativeConstructorAccessorImpl.newInstance(NativeConstructorAccessorImpl.java:62)
	at java.base/jdk.internal.reflect.DelegatingConstructorAccessorImpl.newInstance(DelegatingConstructorAccessorImpl.java:45)
	at java.base/java.lang.reflect.Constructor.newInstanceWithCaller(Constructor.java:500)
	at java.base/java.lang.reflect.Constructor.newInstance(Constructor.java:481)
	at org.openqa.selenium.remote.http.W3CHttpResponseCodec.createException(W3CHttpResponseCodec.java:187)
	at org.openqa.selenium.remote.http.W3CHttpResponseCodec.decode(W3CHttpResponseCodec.java:122)
	at org.openqa.selenium.remote.http.W3CHttpResponseCodec.decode(W3CHttpResponseCodec.java:49)
	at org.openqa.selenium.remote.HttpCommandExecutor.execute(HttpCommandExecutor.java:158)
	at org.openqa.selenium.remote.service.DriverCommandExecutor.execute(DriverCommandExecutor.java:83)
	at org.openqa.selenium.remote.RemoteWebDriver.execute(RemoteWebDriver.java:552)
	at org.openqa.selenium.remote.RemoteWebElement.execute(RemoteWebElement.java:285)
	at org.openqa.selenium.remote.RemoteWebElement.click(RemoteWebElement.java:84)
	at java.base/jdk.internal.reflect.NativeMethodAccessorImpl.invoke0(Native Method)
	at java.base/jdk.internal.reflect.NativeMethodAccessorImpl.invoke(NativeMethodAccessorImpl.java:62)
	at java.base/jdk.internal.reflect.DelegatingMethodAccessorImpl.invoke(DelegatingMethodAccessorImpl.java:43)
	at java.base/java.lang.reflect.Method.invoke(Method.java:567)
	at org.openqa.selenium.support.pagefactory.internal.LocatingElementHandler.invoke(LocatingElementHandler.java:51)
	at com.sun.proxy.$Proxy18.click(Unknown Source)
	at StepDefinitions.TestSteps.the_user_clicks_the_Create_Account_button(TestSteps.java:52)
	at ✽.the user clicks the Create Account button(file:///Users/volodymyrbendiukevych/IdeaProjects/Homework11Cucumber/src/test/resources/EspoCRM/homePage.feature:25)
&amp#27;[0m
  &amp#27;[36mAnd &amp#27;[0m&amp#27;[36mthe user provide customer information &amp#27;[0m&amp#27;[36m&amp#27;[1m"Valerka"&amp#27;[0m&amp#27;[36m, &amp#27;[0m&amp#27;[36m&amp#27;[1m"val@gmail.com"&amp#27;[0m&amp#27;[36m, &amp#27;[0m&amp#27;[36m&amp#27;[1m"2145 BroadStone Ave."&amp#27;[0m&amp#27;[36m, &amp#27;[0m&amp#27;[36m&amp#27;[1m"Plano"&amp#27;[0m&amp#27;[36m, &amp#27;[0m&amp#27;[36m&amp#27;[1m"TX"&amp#27;[0m&amp#27;[36m, &amp#27;[0m&amp#27;[36m&amp#27;[1m"43056"&amp#27;[0m&amp#27;[36m, &amp#27;[0m&amp#27;[36m&amp#27;[1m"USA"&amp#27;[0m&amp#27;[36m, &amp#27;[0m&amp#27;[36m&amp#27;[1m"Customer"&amp#27;[0m&amp#27;[36m, &amp#27;[0m&amp#27;[36m&amp#27;[1m"Education"&amp#27;[0m&amp#27;[36m, &amp#27;[0m&amp#27;[36m&amp#27;[1m"Mobile"&amp#27;[0m&amp#27;[36m, &amp#27;[0m&amp#27;[36m&amp#27;[1m"4696784566"&amp#27;[0m          &amp#27;[90m# StepDefinitions.TestSteps.the_user_provide_customer_information(java.lang.String,java.lang.String,java.lang.String,java.lang.String,java.lang.String,java.lang.String,java.lang.String,java.lang.String,java.lang.String,java.lang.String,java.lang.String)&amp#27;[0m
  &amp#27;[36mAnd &amp#27;[0m&amp#27;[36mthe user validate the new customers is created &amp#27;[0m&amp#27;[36m&amp#27;[1m"Valerka"&amp#27;[0m&amp#27;[36m, &amp#27;[0m&amp#27;[36m&amp#27;[1m"val@gmail.com"&amp#27;[0m&amp#27;[36m, &amp#27;[0m&amp#27;[36m&amp#27;[1m"2145 BroadStone Ave."&amp#27;[0m&amp#27;[36m, &amp#27;[0m&amp#27;[36m&amp#27;[1m"Plano"&amp#27;[0m&amp#27;[36m, &amp#27;[0m&amp#27;[36m&amp#27;[1m"TX"&amp#27;[0m&amp#27;[36m, &amp#27;[0m&amp#27;[36m&amp#27;[1m"43056"&amp#27;[0m&amp#27;[36m, &amp#27;[0m&amp#27;[36m&amp#27;[1m"USA"&amp#27;[0m&amp#27;[36m, &amp#27;[0m&amp#27;[36m&amp#27;[1m"Customer"&amp#27;[0m&amp#27;[36m, &amp#27;[0m&amp#27;[36m&amp#27;[1m"Education"&amp#27;[0m&amp#27;[36m, &amp#27;[0m&amp#27;[36m&amp#27;[1m"Mobile"&amp#27;[0m&amp#27;[36m, &amp#27;[0m&amp#27;[36m&amp#27;[1m"4696784566"&amp#27;[0m &amp#27;[90m# StepDefinitions.TestSteps.the_user_validate_the_new_customers_is_created(java.lang.String,java.lang.String,java.lang.String,java.lang.String,java.lang.String,java.lang.String,java.lang.String,java.lang.String,java.lang.String,java.lang.String,java.lang.String)&amp#27;[0m
]]></system-out>
  </testcase>
  <testcase name="Add four new customers" classname="EspoCRM project" time="6.603"/>
  <testcase name="Add four new customers" classname="EspoCRM project" time="3.651"/>
  <testcase name="Add four new customers" classname="EspoCRM project" time="3.688"/>
  <testcase name="Validation Names and Emails" classname="EspoCRM project" time="2.049"/>
</testsuite>